2019-09-15 17:00:49.282  INFO 1672 --- [main] c.sxk.wxpusher.WxpusherApplicationTests  : Starting WxpusherApplicationTests on DESKTOP-3AMFOIP with PID 1672 (started by Administrator in G:\java_all\wxpusher)
2019-09-15 17:00:49.312  INFO 1672 --- [main] c.sxk.wxpusher.WxpusherApplicationTests  : No active profile set, falling back to default profiles: default
2019-09-15 17:00:51.121  INFO 1672 --- [main] .s.d.r.c.RepositoryConfigurationDelegate : Multiple Spring Data modules found, entering strict repository configuration mode!
2019-09-15 17:00:51.121  INFO 1672 --- [main] .s.d.r.c.RepositoryConfigurationDelegate : Bootstrapping Spring Data repositories in DEFAULT mode.
2019-09-15 17:00:51.191  INFO 1672 --- [main] .s.d.r.c.RepositoryConfigurationDelegate : Finished Spring Data repository scanning in 60ms. Found 1 repository interfaces.
2019-09-15 17:00:51.211  INFO 1672 --- [main] .s.d.r.c.RepositoryConfigurationDelegate : Multiple Spring Data modules found, entering strict repository configuration mode!
2019-09-15 17:00:51.211  INFO 1672 --- [main] .s.d.r.c.RepositoryConfigurationDelegate : Bootstrapping Spring Data repositories in DEFAULT mode.
2019-09-15 17:00:51.231  INFO 1672 --- [main] .s.d.r.c.RepositoryConfigurationDelegate : Finished Spring Data repository scanning in 10ms. Found 1 repository interfaces.
2019-09-15 17:00:51.961  INFO 1672 --- [main] trationDelegate$BeanPostProcessorChecker : Bean 'org.springframework.transaction.annotation.ProxyTransactionManagementConfiguration' of type [org.springframework.transaction.annotation.ProxyTransactionManagementConfiguration$$EnhancerBySpringCGLIB$$c82e845e] is not eligible for getting processed by all BeanPostProcessors (for example: not eligible for auto-proxying)
2019-09-15 17:00:52.770  INFO 1672 --- [main] o.hibernate.jpa.internal.util.LogHelper  : HHH000204: Processing PersistenceUnitInfo [
	name: default
	...]
2019-09-15 17:00:53.060  INFO 1672 --- [main] org.hibernate.Version                    : HHH000412: Hibernate Core {5.3.11.Final}
2019-09-15 17:00:53.060  INFO 1672 --- [main] org.hibernate.cfg.Environment            : HHH000206: hibernate.properties not found
2019-09-15 17:00:53.300  INFO 1672 --- [main] o.hibernate.annotations.common.Version   : HCANN000001: Hibernate Commons Annotations {5.0.4.Final}
2019-09-15 17:00:54.080  INFO 1672 --- [main] com.zaxxer.hikari.HikariDataSource       : HikariPool-1 - Starting...
2019-09-15 17:00:54.859  INFO 1672 --- [main] com.zaxxer.hikari.HikariDataSource       : HikariPool-1 - Start completed.
2019-09-15 17:00:55.039  INFO 1672 --- [main] org.hibernate.dialect.Dialect            : HHH000400: Using dialect: org.hibernate.dialect.MySQL5Dialect
2019-09-15 17:00:58.947  INFO 1672 --- [main] j.LocalContainerEntityManagerFactoryBean : Initialized JPA EntityManagerFactory for persistence unit 'default'
2019-09-15 17:01:04.684  INFO 1672 --- [main] o.s.s.concurrent.ThreadPoolTaskExecutor  : Initializing ExecutorService 'applicationTaskExecutor'
2019-09-15 17:01:04.854  WARN 1672 --- [main] aWebConfiguration$JpaWebMvcConfiguration : spring.jpa.open-in-view is enabled by default. Therefore, database queries may be performed during view rendering. Explicitly configure spring.jpa.open-in-view to disable this warning
2019-09-15 17:01:05.444  WARN 1672 --- [main] ion$DefaultTemplateResolverConfiguration : Cannot find template location: classpath:/templates/ (please add some templates or check your Thymeleaf configuration)
2019-09-15 17:01:06.573  INFO 1672 --- [main] o.s.s.c.ThreadPoolTaskScheduler          : Initializing ExecutorService 'taskScheduler'
2019-09-15 17:01:06.923  INFO 1672 --- [main] c.sxk.wxpusher.WxpusherApplicationTests  : Started WxpusherApplicationTests in 18.65 seconds (JVM running for 20.679)
2019-09-15 17:01:07.653  INFO 1672 --- [main] o.h.h.i.QueryTranslatorFactoryInitiator  : HHH000397: Using ASTQueryTranslatorFactory
2019-09-15 17:01:10.002  INFO 1672 --- [Thread-3] o.s.s.c.ThreadPoolTaskScheduler          : Shutting down ExecutorService 'taskScheduler'
2019-09-15 17:01:10.112  INFO 1672 --- [Thread-3] o.s.s.concurrent.ThreadPoolTaskExecutor  : Shutting down ExecutorService 'applicationTaskExecutor'
2019-09-15 17:01:10.112  INFO 1672 --- [Thread-3] j.LocalContainerEntityManagerFactoryBean : Closing JPA EntityManagerFactory for persistence unit 'default'
2019-09-15 17:01:10.172  INFO 1672 --- [Thread-3] com.zaxxer.hikari.HikariDataSource       : HikariPool-1 - Shutdown initiated...
2019-09-15 17:01:10.202  INFO 1672 --- [Thread-3] com.zaxxer.hikari.HikariDataSource       : HikariPool-1 - Shutdown completed.
2019-09-15 17:01:45.454  INFO 11608 --- [main] c.sxk.wxpusher.WxpusherApplicationTests  : Starting WxpusherApplicationTests on DESKTOP-3AMFOIP with PID 11608 (started by Administrator in G:\java_all\wxpusher)
2019-09-15 17:01:45.454  INFO 11608 --- [main] c.sxk.wxpusher.WxpusherApplicationTests  : No active profile set, falling back to default profiles: default
2019-09-15 17:01:47.473  INFO 11608 --- [main] .s.d.r.c.RepositoryConfigurationDelegate : Multiple Spring Data modules found, entering strict repository configuration mode!
2019-09-15 17:01:47.473  INFO 11608 --- [main] .s.d.r.c.RepositoryConfigurationDelegate : Bootstrapping Spring Data repositories in DEFAULT mode.
2019-09-15 17:01:47.553  INFO 11608 --- [main] .s.d.r.c.RepositoryConfigurationDelegate : Finished Spring Data repository scanning in 70ms. Found 1 repository interfaces.
2019-09-15 17:01:47.563  INFO 11608 --- [main] .s.d.r.c.RepositoryConfigurationDelegate : Multiple Spring Data modules found, entering strict repository configuration mode!
2019-09-15 17:01:47.573  INFO 11608 --- [main] .s.d.r.c.RepositoryConfigurationDelegate : Bootstrapping Spring Data repositories in DEFAULT mode.
2019-09-15 17:01:47.583  INFO 11608 --- [main] .s.d.r.c.RepositoryConfigurationDelegate : Finished Spring Data repository scanning in 10ms. Found 1 repository interfaces.
2019-09-15 17:01:48.353  INFO 11608 --- [main] trationDelegate$BeanPostProcessorChecker : Bean 'org.springframework.transaction.annotation.ProxyTransactionManagementConfiguration' of type [org.springframework.transaction.annotation.ProxyTransactionManagementConfiguration$$EnhancerBySpringCGLIB$$5ebb6020] is not eligible for getting processed by all BeanPostProcessors (for example: not eligible for auto-proxying)
2019-09-15 17:01:48.723  INFO 11608 --- [main] o.hibernate.jpa.internal.util.LogHelper  : HHH000204: Processing PersistenceUnitInfo [
	name: default
	...]
2019-09-15 17:01:48.912  INFO 11608 --- [main] org.hibernate.Version                    : HHH000412: Hibernate Core {5.3.11.Final}
2019-09-15 17:01:48.912  INFO 11608 --- [main] org.hibernate.cfg.Environment            : HHH000206: hibernate.properties not found
2019-09-15 17:01:49.092  INFO 11608 --- [main] o.hibernate.annotations.common.Version   : HCANN000001: Hibernate Commons Annotations {5.0.4.Final}
2019-09-15 17:01:49.652  INFO 11608 --- [main] com.zaxxer.hikari.HikariDataSource       : HikariPool-1 - Starting...
2019-09-15 17:01:49.902  INFO 11608 --- [main] com.zaxxer.hikari.HikariDataSource       : HikariPool-1 - Start completed.
2019-09-15 17:01:49.922  INFO 11608 --- [main] org.hibernate.dialect.Dialect            : HHH000400: Using dialect: org.hibernate.dialect.MySQL5Dialect
2019-09-15 17:01:50.841  INFO 11608 --- [main] j.LocalContainerEntityManagerFactoryBean : Initialized JPA EntityManagerFactory for persistence unit 'default'
2019-09-15 17:01:52.341  INFO 11608 --- [main] o.s.s.concurrent.ThreadPoolTaskExecutor  : Initializing ExecutorService 'applicationTaskExecutor'
2019-09-15 17:01:52.431  WARN 11608 --- [main] aWebConfiguration$JpaWebMvcConfiguration : spring.jpa.open-in-view is enabled by default. Therefore, database queries may be performed during view rendering. Explicitly configure spring.jpa.open-in-view to disable this warning
2019-09-15 17:01:52.641  WARN 11608 --- [main] ion$DefaultTemplateResolverConfiguration : Cannot find template location: classpath:/templates/ (please add some templates or check your Thymeleaf configuration)
2019-09-15 17:01:53.100  INFO 11608 --- [main] o.s.s.c.ThreadPoolTaskScheduler          : Initializing ExecutorService 'taskScheduler'
2019-09-15 17:01:53.310  INFO 11608 --- [main] c.sxk.wxpusher.WxpusherApplicationTests  : Started WxpusherApplicationTests in 8.785 seconds (JVM running for 11.264)
2019-09-15 17:01:53.510  INFO 11608 --- [main] o.h.h.i.QueryTranslatorFactoryInitiator  : HHH000397: Using ASTQueryTranslatorFactory
2019-09-15 17:01:53.970  INFO 11608 --- [Thread-3] o.s.s.c.ThreadPoolTaskScheduler          : Shutting down ExecutorService 'taskScheduler'
2019-09-15 17:01:53.970  INFO 11608 --- [Thread-3] o.s.s.concurrent.ThreadPoolTaskExecutor  : Shutting down ExecutorService 'applicationTaskExecutor'
2019-09-15 17:01:53.980  INFO 11608 --- [Thread-3] j.LocalContainerEntityManagerFactoryBean : Closing JPA EntityManagerFactory for persistence unit 'default'
2019-09-15 17:01:53.990  INFO 11608 --- [Thread-3] com.zaxxer.hikari.HikariDataSource       : HikariPool-1 - Shutdown initiated...
2019-09-15 17:01:54.000  INFO 11608 --- [Thread-3] com.zaxxer.hikari.HikariDataSource       : HikariPool-1 - Shutdown completed.
